<?xml version="1.0" encoding="UTF-8" ?>
<testsuite tests="1" failures="1" name="runner.RunnerTest" time="59.047" errors="0" skipped="0">
  <properties>
[...]
</properties>
  <testcase classname="dashboard validation" name="quick launch font validation" time="59.047">
    <failure message="style not match" type="java.lang.AssertionError">java.lang.AssertionError: style not match
	at org.junit.Assert.fail(Assert.java:89)
	at org.junit.Assert.assertTrue(Assert.java:42)
	at stepdefinition.Orangehrmvalidation.stylevalidation(Orangehrmvalidation.java:88)
	at ✽.I validate the style part of the element(file:///E:/SeleniumWorkspace/CF4_bddcucumberwithdatatable/src/test/resources/feature/orangehrmdatavalidation.feature:11)
</failure>
    <system-out>font-weight
700
(//span[@class=&apos;quickLinkText&apos;])[1]
700
font-weight
700
(//span[@class=&apos;quickLinkText&apos;])[2]
700
font-weight
700
(//span[@class=&apos;quickLinkText&apos;])[3]
700
font-weight
700
(//span[@class=&apos;quickLinkText&apos;])[4]
700
font-weight
400
</system-out>
    <system-err>SLF4J: Failed to load class &quot;org.slf4j.impl.StaticLoggerBinder&quot;.
SLF4J: Defaulting to no-operation (NOP) logger implementation
SLF4J: See http://www.slf4j.org/codes.html#StaticLoggerBinder for further details.
Starting ChromeDriver 103.0.5060.53 (a1711811edd74ff1cf2150f36ffa3b0dae40b17f-refs/branch-heads/5060@{#853}) on port 1775
Only local connections are allowed.
Please see https://chromedriver.chromium.org/security-considerations for suggestions on keeping ChromeDriver safe.
ChromeDriver was started successfully.
Jun 26, 2022 11:01:24 AM org.openqa.selenium.remote.ProtocolHandshake createSession
INFO: Detected dialect: W3C
</system-err>
  </testcase>
</testsuite>